build_demo/intermediates/manifest_merge_blame_file/debug/manifest-merger-blame-debug-report.txt
1<?xml version="1.0" encoding="utf-8"?>
2<manifest xmlns:android="http://schemas.android.com/apk/res/android"
3    package="com.example.helloworld"
4    android:versionCode="1"
5    android:versionName="1.0" >
6
7    <uses-sdk
8        android:minSdkVersion="26"
8-->src/main/AndroidManifest.xml
9        android:targetSdkVersion="29" />
9-->src/main/AndroidManifest.xml
10
11    <uses-permission android:name="android.permission.INTERNET" />
11-->[com.microsoft.appcenter:appcenter:3.1.0] AndroidManifest.xml:15:5-67
11-->[com.microsoft.appcenter:appcenter:3.1.0] AndroidManifest.xml:15:22-64
12    <uses-permission android:name="android.permission.ACCESS_NETWORK_STATE" />
12-->[com.microsoft.appcenter:appcenter:3.1.0] AndroidManifest.xml:16:5-79
12-->[com.microsoft.appcenter:appcenter:3.1.0] AndroidManifest.xml:16:22-76
13
14    <application
14-->src/main/AndroidManifest.xml:5:5-26:19
15        android:allowBackup="true"
15-->src/main/AndroidManifest.xml:6:9-35
16        android:appComponentFactory="androidx.core.app.CoreComponentFactory"
16-->[androidx.core:core:1.1.0] AndroidManifest.xml:24:18-86
17        android:debuggable="true"
18        android:extractNativeLibs="false"
19        android:icon="@mipmap/ic_launcher"
19-->src/main/AndroidManifest.xml:7:9-43
20        android:label="@string/app_name"
20-->src/main/AndroidManifest.xml:8:9-41
21        android:roundIcon="@mipmap/ic_launcher_round"
21-->src/main/AndroidManifest.xml:9:9-54
22        android:supportsRtl="true"
22-->src/main/AndroidManifest.xml:10:9-35
23        android:theme="@style/AppTheme" >
23-->src/main/AndroidManifest.xml:11:9-40
24        <activity
24-->src/main/AndroidManifest.xml:12:9-18:20
25            android:name="com.example.helloworld.DisplayMessageActivity"
25-->src/main/AndroidManifest.xml:12:19-57
26            android:parentActivityName="com.example.helloworld.MainActivity" >
26-->src/main/AndroidManifest.xml:13:13-55
27
28            <!-- The meta-data tag is required if you support API level 15 and lower -->
29            <meta-data
29-->src/main/AndroidManifest.xml:15:13-17:49
30                android:name="android.support.PARENT_ACTIVITY"
30-->src/main/AndroidManifest.xml:16:17-63
31                android:value=".MainActivity" />
31-->src/main/AndroidManifest.xml:17:17-46
32        </activity>
33        <activity android:name="com.example.helloworld.MainActivity" >
33-->src/main/AndroidManifest.xml:19:9-25:20
33-->src/main/AndroidManifest.xml:19:19-47
34            <intent-filter>
34-->src/main/AndroidManifest.xml:20:13-24:29
35                <action android:name="android.intent.action.MAIN" />
35-->src/main/AndroidManifest.xml:21:17-69
35-->src/main/AndroidManifest.xml:21:25-66
36
37                <category android:name="android.intent.category.LAUNCHER" />
37-->src/main/AndroidManifest.xml:23:17-77
37-->src/main/AndroidManifest.xml:23:27-74
38            </intent-filter>
39        </activity>
40    </application>
41
42</manifest>